<?xml version="1.0" encoding="UTF-8"?>
<testsuite name="com.jojoldu.book.springboot.domain.posts.PostsRepositoryTest" tests="1" skipped="0" failures="0" errors="0" timestamp="2022-02-15T23:38:21" hostname="kimjinwook" time="0.008">
  <properties/>
  <testcase name="게시글저장_불러오기()" classname="com.jojoldu.book.springboot.domain.posts.PostsRepositoryTest" time="0.008"/>
  <system-out><![CDATA[2022-02-16 08:38:20.988  INFO 94104 --- [    Test worker] .b.t.c.SpringBootTestContextBootstrapper : Neither @ContextConfiguration nor @ContextHierarchy found for test class [com.jojoldu.book.springboot.domain.posts.PostsRepositoryTest], using SpringBootContextLoader
2022-02-16 08:38:20.989  INFO 94104 --- [    Test worker] o.s.t.c.support.AbstractContextLoader    : Could not detect default resource locations for test class [com.jojoldu.book.springboot.domain.posts.PostsRepositoryTest]: no resource found for suffixes {-context.xml, Context.groovy}.
2022-02-16 08:38:20.989  INFO 94104 --- [    Test worker] t.c.s.AnnotationConfigContextLoaderUtils : Could not detect default configuration classes for test class [com.jojoldu.book.springboot.domain.posts.PostsRepositoryTest]: PostsRepositoryTest does not declare any static, non-private, non-final, nested classes annotated with @Configuration.
2022-02-16 08:38:20.992  INFO 94104 --- [    Test worker] .b.t.c.SpringBootTestContextBootstrapper : Found @SpringBootConfiguration com.jojoldu.book.springboot.Application for test class com.jojoldu.book.springboot.domain.posts.PostsRepositoryTest
2022-02-16 08:38:20.992  INFO 94104 --- [    Test worker] .b.t.c.SpringBootTestContextBootstrapper : Loaded default TestExecutionListener class names from location [META-INF/spring.factories]: [org.springframework.security.test.context.support.WithSecurityContextTestExecutionListener, org.springframework.security.test.context.support.ReactorContextTestExecutionListener, org.springframework.boot.test.autoconfigure.restdocs.RestDocsTestExecutionListener, org.springframework.boot.test.autoconfigure.web.client.MockRestServiceServerResetTestExecutionListener, org.springframework.boot.test.autoconfigure.web.servlet.MockMvcPrintOnlyOnFailureTestExecutionListener, org.springframework.boot.test.autoconfigure.web.servlet.WebDriverTestExecutionListener, org.springframework.boot.test.autoconfigure.webservices.client.MockWebServiceServerTestExecutionListener, org.springframework.boot.test.mock.mockito.MockitoTestExecutionListener, org.springframework.boot.test.mock.mockito.ResetMocksTestExecutionListener, org.springframework.test.context.web.ServletTestExecutionListener, org.springframework.test.context.support.DirtiesContextBeforeModesTestExecutionListener, org.springframework.test.context.support.DependencyInjectionTestExecutionListener, org.springframework.test.context.support.DirtiesContextTestExecutionListener, org.springframework.test.context.transaction.TransactionalTestExecutionListener, org.springframework.test.context.jdbc.SqlScriptsTestExecutionListener, org.springframework.test.context.event.EventPublishingTestExecutionListener]
2022-02-16 08:38:20.993  INFO 94104 --- [    Test worker] .b.t.c.SpringBootTestContextBootstrapper : Using TestExecutionListeners: [org.springframework.test.context.web.ServletTestExecutionListener@7864907b, org.springframework.test.context.support.DirtiesContextBeforeModesTestExecutionListener@91003f9, org.springframework.boot.test.mock.mockito.MockitoTestExecutionListener@5044997b, org.springframework.boot.test.autoconfigure.SpringBootDependencyInjectionTestExecutionListener@8bfc070, org.springframework.test.context.support.DirtiesContextTestExecutionListener@54046e54, org.springframework.test.context.transaction.TransactionalTestExecutionListener@5d02a0e6, org.springframework.test.context.jdbc.SqlScriptsTestExecutionListener@29f9657c, org.springframework.security.test.context.support.WithSecurityContextTestExecutionListener@5fb39c73, org.springframework.test.context.event.EventPublishingTestExecutionListener@28b23f1f, org.springframework.security.test.context.support.ReactorContextTestExecutionListener@60ffbf7f, org.springframework.boot.test.autoconfigure.restdocs.RestDocsTestExecutionListener@2cff499, org.springframework.boot.test.autoconfigure.web.client.MockRestServiceServerResetTestExecutionListener@41dca0b7, org.springframework.boot.test.autoconfigure.web.servlet.MockMvcPrintOnlyOnFailureTestExecutionListener@78af2554, org.springframework.boot.test.autoconfigure.web.servlet.WebDriverTestExecutionListener@65b66979, org.springframework.boot.test.autoconfigure.webservices.client.MockWebServiceServerTestExecutionListener@18a0326a, org.springframework.boot.test.mock.mockito.ResetMocksTestExecutionListener@3cddf0d1]

  .   ____          _            __ _ _
 /\\ / ___'_ __ _ _(_)_ __  __ _ \ \ \ \
( ( )\___ | '_ | '_| | '_ \/ _` | \ \ \ \
 \\/  ___)| |_)| | | | | || (_| |  ) ) ) )
  '  |____| .__|_| |_|_| |_\__, | / / / /
 =========|_|==============|___/=/_/_/_/
 :: Spring Boot ::                (v2.4.1)

2022-02-16 08:38:21.002  INFO 94104 --- [    Test worker] c.j.b.s.d.posts.PostsRepositoryTest      : Starting PostsRepositoryTest using Java 11.0.13 on kimjinwook with PID 94104 (started by kimjinwook in /Users/kimjinwook/freelec-springboot2-webservice)
2022-02-16 08:38:21.002  INFO 94104 --- [    Test worker] c.j.b.s.d.posts.PostsRepositoryTest      : No active profile set, falling back to default profiles: default
2022-02-16 08:38:21.125  INFO 94104 --- [    Test worker] .s.d.r.c.RepositoryConfigurationDelegate : Bootstrapping Spring Data JPA repositories in DEFAULT mode.
2022-02-16 08:38:21.131  INFO 94104 --- [    Test worker] .s.d.r.c.RepositoryConfigurationDelegate : Finished Spring Data repository scanning in 5 ms. Found 2 JPA repository interfaces.
2022-02-16 08:38:21.186  INFO 94104 --- [    Test worker] com.zaxxer.hikari.HikariDataSource       : HikariPool-2 - Starting...
2022-02-16 08:38:21.186  INFO 94104 --- [    Test worker] com.zaxxer.hikari.HikariDataSource       : HikariPool-2 - Start completed.
2022-02-16 08:38:21.192  INFO 94104 --- [    Test worker] o.hibernate.jpa.internal.util.LogHelper  : HHH000204: Processing PersistenceUnitInfo [name: default]
2022-02-16 08:38:21.194  INFO 94104 --- [    Test worker] org.hibernate.dialect.Dialect            : HHH000400: Using dialect: org.hibernate.dialect.MySQL57Dialect
Hibernate: drop table if exists hibernate_sequence
Hibernate: drop table if exists posts
Hibernate: drop table if exists user
Hibernate: create table hibernate_sequence (next_val bigint) engine=InnoDB
Hibernate: insert into hibernate_sequence values ( 1 )
Hibernate: create table posts (id bigint not null, created_date datetime(6), modified_date datetime(6), author varchar(255), content TEXT not null, title varchar(500) not null, primary key (id)) engine=InnoDB
Hibernate: create table user (id bigint not null, created_date datetime(6), modified_date datetime(6), email varchar(255) not null, name varchar(255) not null, picture varchar(255), role varchar(255) not null, primary key (id)) engine=InnoDB
2022-02-16 08:38:21.215  INFO 94104 --- [    Test worker] o.h.e.t.j.p.i.JtaPlatformInitiator       : HHH000490: Using JtaPlatform implementation: [org.hibernate.engine.transaction.jta.platform.internal.NoJtaPlatform]
2022-02-16 08:38:21.216  INFO 94104 --- [    Test worker] j.LocalContainerEntityManagerFactoryBean : Initialized JPA EntityManagerFactory for persistence unit 'default'
2022-02-16 08:38:21.281  WARN 94104 --- [    Test worker] JpaBaseConfiguration$JpaWebConfiguration : spring.jpa.open-in-view is enabled by default. Therefore, database queries may be performed during view rendering. Explicitly configure spring.jpa.open-in-view to disable this warning
2022-02-16 08:38:21.399  INFO 94104 --- [    Test worker] o.s.s.web.DefaultSecurityFilterChain     : Will secure any request with [org.springframework.security.web.context.request.async.WebAsyncManagerIntegrationFilter@457639bc, org.springframework.security.web.context.SecurityContextPersistenceFilter@27d60faf, org.springframework.security.web.header.HeaderWriterFilter@61c0caeb, org.springframework.security.web.authentication.logout.LogoutFilter@fd10110, org.springframework.security.oauth2.client.web.OAuth2AuthorizationRequestRedirectFilter@245f14b3, org.springframework.security.oauth2.client.web.OAuth2LoginAuthenticationFilter@6bf6b93d, org.springframework.security.web.authentication.ui.DefaultLoginPageGeneratingFilter@409f5a11, org.springframework.security.web.authentication.ui.DefaultLogoutPageGeneratingFilter@25999d9, org.springframework.security.web.savedrequest.RequestCacheAwareFilter@49123701, org.springframework.security.web.servletapi.SecurityContextHolderAwareRequestFilter@2e623b5a, org.springframework.security.web.authentication.AnonymousAuthenticationFilter@5effefad, org.springframework.security.web.session.SessionManagementFilter@d2c67e0, org.springframework.security.web.access.ExceptionTranslationFilter@a9c86c2, org.springframework.security.web.access.intercept.FilterSecurityInterceptor@3a8980b]
2022-02-16 08:38:21.533  INFO 94104 --- [    Test worker] o.s.s.concurrent.ThreadPoolTaskExecutor  : Initializing ExecutorService 'applicationTaskExecutor'
2022-02-16 08:38:21.539  INFO 94104 --- [    Test worker] o.s.b.a.h2.H2ConsoleAutoConfiguration    : H2 console available at '/h2-console'. Database available at 'jdbc:h2:mem://localhost/~/testdb'
2022-02-16 08:38:21.548  INFO 94104 --- [    Test worker] o.s.b.a.w.s.WelcomePageHandlerMapping    : Adding welcome page template: index
2022-02-16 08:38:21.642  INFO 94104 --- [    Test worker] s.a.ScheduledAnnotationBeanPostProcessor : No TaskScheduler/ScheduledExecutorService bean found for scheduled processing
2022-02-16 08:38:21.643  INFO 94104 --- [    Test worker] c.j.b.s.d.posts.PostsRepositoryTest      : Started PostsRepositoryTest in 0.648 seconds (JVM running for 4.873)
Hibernate: select next_val as id_val from hibernate_sequence for update
Hibernate: update hibernate_sequence set next_val= ? where next_val=?
Hibernate: insert into posts (created_date, modified_date, author, content, title, id) values (?, ?, ?, ?, ?, ?)
Hibernate: select posts0_.id as id1_0_, posts0_.created_date as created_2_0_, posts0_.modified_date as modified3_0_, posts0_.author as author4_0_, posts0_.content as content5_0_, posts0_.title as title6_0_ from posts posts0_
Hibernate: select posts0_.id as id1_0_, posts0_.created_date as created_2_0_, posts0_.modified_date as modified3_0_, posts0_.author as author4_0_, posts0_.content as content5_0_, posts0_.title as title6_0_ from posts posts0_
Hibernate: delete from posts where id=?
]]></system-out>
  <system-err><![CDATA[]]></system-err>
</testsuite>
