<?xml version="1.0" encoding="UTF-8"?>
<testsuite name="com.jojoldu.book.springboot.domain.posts.PostsRepositoryTest" tests="1" skipped="0" failures="0" errors="0" timestamp="2022-02-12T10:31:22" hostname="kimjinwook" time="0.008">
  <properties/>
  <testcase name="게시글저장_불러오기()" classname="com.jojoldu.book.springboot.domain.posts.PostsRepositoryTest" time="0.008"/>
  <system-out><![CDATA[2022-02-12 19:31:22.083  INFO 80762 --- [    Test worker] .b.t.c.SpringBootTestContextBootstrapper : Neither @ContextConfiguration nor @ContextHierarchy found for test class [com.jojoldu.book.springboot.domain.posts.PostsRepositoryTest], using SpringBootContextLoader
2022-02-12 19:31:22.084  INFO 80762 --- [    Test worker] o.s.t.c.support.AbstractContextLoader    : Could not detect default resource locations for test class [com.jojoldu.book.springboot.domain.posts.PostsRepositoryTest]: no resource found for suffixes {-context.xml, Context.groovy}.
2022-02-12 19:31:22.084  INFO 80762 --- [    Test worker] t.c.s.AnnotationConfigContextLoaderUtils : Could not detect default configuration classes for test class [com.jojoldu.book.springboot.domain.posts.PostsRepositoryTest]: PostsRepositoryTest does not declare any static, non-private, non-final, nested classes annotated with @Configuration.
2022-02-12 19:31:22.086  INFO 80762 --- [    Test worker] .b.t.c.SpringBootTestContextBootstrapper : Found @SpringBootConfiguration com.jojoldu.book.springboot.Application for test class com.jojoldu.book.springboot.domain.posts.PostsRepositoryTest
2022-02-12 19:31:22.087  INFO 80762 --- [    Test worker] .b.t.c.SpringBootTestContextBootstrapper : Loaded default TestExecutionListener class names from location [META-INF/spring.factories]: [org.springframework.security.test.context.support.WithSecurityContextTestExecutionListener, org.springframework.security.test.context.support.ReactorContextTestExecutionListener, org.springframework.boot.test.autoconfigure.restdocs.RestDocsTestExecutionListener, org.springframework.boot.test.autoconfigure.web.client.MockRestServiceServerResetTestExecutionListener, org.springframework.boot.test.autoconfigure.web.servlet.MockMvcPrintOnlyOnFailureTestExecutionListener, org.springframework.boot.test.autoconfigure.web.servlet.WebDriverTestExecutionListener, org.springframework.boot.test.autoconfigure.webservices.client.MockWebServiceServerTestExecutionListener, org.springframework.boot.test.mock.mockito.MockitoTestExecutionListener, org.springframework.boot.test.mock.mockito.ResetMocksTestExecutionListener, org.springframework.test.context.web.ServletTestExecutionListener, org.springframework.test.context.support.DirtiesContextBeforeModesTestExecutionListener, org.springframework.test.context.support.DependencyInjectionTestExecutionListener, org.springframework.test.context.support.DirtiesContextTestExecutionListener, org.springframework.test.context.transaction.TransactionalTestExecutionListener, org.springframework.test.context.jdbc.SqlScriptsTestExecutionListener, org.springframework.test.context.event.EventPublishingTestExecutionListener]
2022-02-12 19:31:22.088  INFO 80762 --- [    Test worker] .b.t.c.SpringBootTestContextBootstrapper : Using TestExecutionListeners: [org.springframework.test.context.web.ServletTestExecutionListener@10e62846, org.springframework.test.context.support.DirtiesContextBeforeModesTestExecutionListener@215cd06, org.springframework.boot.test.mock.mockito.MockitoTestExecutionListener@7d01044e, org.springframework.boot.test.autoconfigure.SpringBootDependencyInjectionTestExecutionListener@482815b0, org.springframework.test.context.support.DirtiesContextTestExecutionListener@692da0eb, org.springframework.test.context.transaction.TransactionalTestExecutionListener@45fc3d35, org.springframework.test.context.jdbc.SqlScriptsTestExecutionListener@30aa62b0, org.springframework.security.test.context.support.WithSecurityContextTestExecutionListener@38277480, org.springframework.test.context.event.EventPublishingTestExecutionListener@3c89a197, org.springframework.security.test.context.support.ReactorContextTestExecutionListener@183836a6, org.springframework.boot.test.autoconfigure.restdocs.RestDocsTestExecutionListener@7be468f3, org.springframework.boot.test.autoconfigure.web.client.MockRestServiceServerResetTestExecutionListener@7864907b, org.springframework.boot.test.autoconfigure.web.servlet.MockMvcPrintOnlyOnFailureTestExecutionListener@91003f9, org.springframework.boot.test.autoconfigure.web.servlet.WebDriverTestExecutionListener@5044997b, org.springframework.boot.test.autoconfigure.webservices.client.MockWebServiceServerTestExecutionListener@8bfc070, org.springframework.boot.test.mock.mockito.ResetMocksTestExecutionListener@54046e54]

  .   ____          _            __ _ _
 /\\ / ___'_ __ _ _(_)_ __  __ _ \ \ \ \
( ( )\___ | '_ | '_| | '_ \/ _` | \ \ \ \
 \\/  ___)| |_)| | | | | || (_| |  ) ) ) )
  '  |____| .__|_| |_|_| |_\__, | / / / /
 =========|_|==============|___/=/_/_/_/
 :: Spring Boot ::                (v2.4.1)

2022-02-12 19:31:22.095  INFO 80762 --- [    Test worker] c.j.b.s.d.posts.PostsRepositoryTest      : Starting PostsRepositoryTest using Java 11.0.13 on kimjinwook with PID 80762 (started by kimjinwook in /Users/kimjinwook/freelec-springboot2-webservice)
2022-02-12 19:31:22.096  INFO 80762 --- [    Test worker] c.j.b.s.d.posts.PostsRepositoryTest      : No active profile set, falling back to default profiles: default
2022-02-12 19:31:22.172  INFO 80762 --- [    Test worker] .s.d.r.c.RepositoryConfigurationDelegate : Bootstrapping Spring Data JPA repositories in DEFAULT mode.
2022-02-12 19:31:22.178  INFO 80762 --- [    Test worker] .s.d.r.c.RepositoryConfigurationDelegate : Finished Spring Data repository scanning in 6 ms. Found 2 JPA repository interfaces.
2022-02-12 19:31:22.243  INFO 80762 --- [    Test worker] com.zaxxer.hikari.HikariDataSource       : HikariPool-2 - Starting...
2022-02-12 19:31:22.244  INFO 80762 --- [    Test worker] com.zaxxer.hikari.HikariDataSource       : HikariPool-2 - Start completed.
2022-02-12 19:31:22.249  INFO 80762 --- [    Test worker] o.hibernate.jpa.internal.util.LogHelper  : HHH000204: Processing PersistenceUnitInfo [name: default]
2022-02-12 19:31:22.252  INFO 80762 --- [    Test worker] org.hibernate.dialect.Dialect            : HHH000400: Using dialect: org.hibernate.dialect.MySQL57Dialect
Hibernate: drop table if exists hibernate_sequence
Hibernate: drop table if exists posts
Hibernate: drop table if exists user
Hibernate: create table hibernate_sequence (next_val bigint) engine=InnoDB
Hibernate: insert into hibernate_sequence values ( 1 )
Hibernate: create table posts (id bigint not null, created_date datetime(6), modified_date datetime(6), author varchar(255), content TEXT not null, title varchar(500) not null, primary key (id)) engine=InnoDB
Hibernate: create table user (id bigint not null, created_date datetime(6), modified_date datetime(6), email varchar(255) not null, name varchar(255) not null, picture varchar(255), role varchar(255) not null, primary key (id)) engine=InnoDB
2022-02-12 19:31:22.277  INFO 80762 --- [    Test worker] o.h.e.t.j.p.i.JtaPlatformInitiator       : HHH000490: Using JtaPlatform implementation: [org.hibernate.engine.transaction.jta.platform.internal.NoJtaPlatform]
2022-02-12 19:31:22.277  INFO 80762 --- [    Test worker] j.LocalContainerEntityManagerFactoryBean : Initialized JPA EntityManagerFactory for persistence unit 'default'
2022-02-12 19:31:22.332  WARN 80762 --- [    Test worker] JpaBaseConfiguration$JpaWebConfiguration : spring.jpa.open-in-view is enabled by default. Therefore, database queries may be performed during view rendering. Explicitly configure spring.jpa.open-in-view to disable this warning
2022-02-12 19:31:22.389  INFO 80762 --- [    Test worker] o.s.s.web.DefaultSecurityFilterChain     : Will secure any request with [org.springframework.security.web.context.request.async.WebAsyncManagerIntegrationFilter@50defa27, org.springframework.security.web.context.SecurityContextPersistenceFilter@26ca1d45, org.springframework.security.web.header.HeaderWriterFilter@108b3189, org.springframework.security.web.authentication.logout.LogoutFilter@a9c86c2, org.springframework.security.oauth2.client.web.OAuth2AuthorizationRequestRedirectFilter@466312f4, org.springframework.security.oauth2.client.web.OAuth2LoginAuthenticationFilter@442ddde8, org.springframework.security.web.authentication.ui.DefaultLoginPageGeneratingFilter@2d882102, org.springframework.security.web.authentication.ui.DefaultLogoutPageGeneratingFilter@7b5a1d3c, org.springframework.security.web.savedrequest.RequestCacheAwareFilter@1da98755, org.springframework.security.web.servletapi.SecurityContextHolderAwareRequestFilter@5467ea10, org.springframework.security.web.authentication.AnonymousAuthenticationFilter@25f05411, org.springframework.security.web.session.SessionManagementFilter@39681fc9, org.springframework.security.web.access.ExceptionTranslationFilter@5a2c3e8f, org.springframework.security.web.access.intercept.FilterSecurityInterceptor@413d5242]
2022-02-12 19:31:22.448  INFO 80762 --- [    Test worker] o.s.s.concurrent.ThreadPoolTaskExecutor  : Initializing ExecutorService 'applicationTaskExecutor'
2022-02-12 19:31:22.454  INFO 80762 --- [    Test worker] o.s.b.a.h2.H2ConsoleAutoConfiguration    : H2 console available at '/h2-console'. Database available at 'jdbc:h2:mem://localhost/~/testdb'
2022-02-12 19:31:22.463  INFO 80762 --- [    Test worker] o.s.b.a.w.s.WelcomePageHandlerMapping    : Adding welcome page template: index
2022-02-12 19:31:22.538  INFO 80762 --- [    Test worker] s.a.ScheduledAnnotationBeanPostProcessor : No TaskScheduler/ScheduledExecutorService bean found for scheduled processing
2022-02-12 19:31:22.539  INFO 80762 --- [    Test worker] c.j.b.s.d.posts.PostsRepositoryTest      : Started PostsRepositoryTest in 0.45 seconds (JVM running for 4.286)
Hibernate: select next_val as id_val from hibernate_sequence for update
Hibernate: update hibernate_sequence set next_val= ? where next_val=?
Hibernate: insert into posts (created_date, modified_date, author, content, title, id) values (?, ?, ?, ?, ?, ?)
Hibernate: select posts0_.id as id1_0_, posts0_.created_date as created_2_0_, posts0_.modified_date as modified3_0_, posts0_.author as author4_0_, posts0_.content as content5_0_, posts0_.title as title6_0_ from posts posts0_
Hibernate: select posts0_.id as id1_0_, posts0_.created_date as created_2_0_, posts0_.modified_date as modified3_0_, posts0_.author as author4_0_, posts0_.content as content5_0_, posts0_.title as title6_0_ from posts posts0_
Hibernate: delete from posts where id=?
]]></system-out>
  <system-err><![CDATA[]]></system-err>
</testsuite>
