<?xml version="1.0" encoding="UTF-8"?>
<testsuite name="com.jojoldu.book.springboot.web.IndexControllerTest" tests="1" skipped="0" failures="0" errors="0" timestamp="2022-02-12T10:31:21" hostname="kimjinwook" time="0.117">
  <properties/>
  <testcase name="메인페이지_로딩()" classname="com.jojoldu.book.springboot.web.IndexControllerTest" time="0.117"/>
  <system-out><![CDATA[2022-02-12 19:31:20.130  INFO 80762 --- [    Test worker] .b.t.c.SpringBootTestContextBootstrapper : Neither @ContextConfiguration nor @ContextHierarchy found for test class [com.jojoldu.book.springboot.web.IndexControllerTest], using SpringBootContextLoader
2022-02-12 19:31:20.131  INFO 80762 --- [    Test worker] o.s.t.c.support.AbstractContextLoader    : Could not detect default resource locations for test class [com.jojoldu.book.springboot.web.IndexControllerTest]: no resource found for suffixes {-context.xml, Context.groovy}.
2022-02-12 19:31:20.131  INFO 80762 --- [    Test worker] t.c.s.AnnotationConfigContextLoaderUtils : Could not detect default configuration classes for test class [com.jojoldu.book.springboot.web.IndexControllerTest]: IndexControllerTest does not declare any static, non-private, non-final, nested classes annotated with @Configuration.
2022-02-12 19:31:20.132  INFO 80762 --- [    Test worker] .b.t.c.SpringBootTestContextBootstrapper : Found @SpringBootConfiguration com.jojoldu.book.springboot.Application for test class com.jojoldu.book.springboot.web.IndexControllerTest
2022-02-12 19:31:20.134  INFO 80762 --- [    Test worker] .b.t.c.SpringBootTestContextBootstrapper : Loaded default TestExecutionListener class names from location [META-INF/spring.factories]: [org.springframework.security.test.context.support.WithSecurityContextTestExecutionListener, org.springframework.security.test.context.support.ReactorContextTestExecutionListener, org.springframework.boot.test.autoconfigure.restdocs.RestDocsTestExecutionListener, org.springframework.boot.test.autoconfigure.web.client.MockRestServiceServerResetTestExecutionListener, org.springframework.boot.test.autoconfigure.web.servlet.MockMvcPrintOnlyOnFailureTestExecutionListener, org.springframework.boot.test.autoconfigure.web.servlet.WebDriverTestExecutionListener, org.springframework.boot.test.autoconfigure.webservices.client.MockWebServiceServerTestExecutionListener, org.springframework.boot.test.mock.mockito.MockitoTestExecutionListener, org.springframework.boot.test.mock.mockito.ResetMocksTestExecutionListener, org.springframework.test.context.web.ServletTestExecutionListener, org.springframework.test.context.support.DirtiesContextBeforeModesTestExecutionListener, org.springframework.test.context.support.DependencyInjectionTestExecutionListener, org.springframework.test.context.support.DirtiesContextTestExecutionListener, org.springframework.test.context.transaction.TransactionalTestExecutionListener, org.springframework.test.context.jdbc.SqlScriptsTestExecutionListener, org.springframework.test.context.event.EventPublishingTestExecutionListener]
2022-02-12 19:31:20.136  INFO 80762 --- [    Test worker] .b.t.c.SpringBootTestContextBootstrapper : Using TestExecutionListeners: [org.springframework.test.context.web.ServletTestExecutionListener@35c22f54, org.springframework.test.context.support.DirtiesContextBeforeModesTestExecutionListener@4981becc, org.springframework.boot.test.mock.mockito.MockitoTestExecutionListener@3c0852e8, org.springframework.boot.test.autoconfigure.SpringBootDependencyInjectionTestExecutionListener@2a5a7b73, org.springframework.test.context.support.DirtiesContextTestExecutionListener@ec649e3, org.springframework.test.context.transaction.TransactionalTestExecutionListener@4a75e129, org.springframework.test.context.jdbc.SqlScriptsTestExecutionListener@3414759d, org.springframework.security.test.context.support.WithSecurityContextTestExecutionListener@4d6c118f, org.springframework.test.context.event.EventPublishingTestExecutionListener@71d9d090, org.springframework.security.test.context.support.ReactorContextTestExecutionListener@14c01b2b, org.springframework.boot.test.autoconfigure.restdocs.RestDocsTestExecutionListener@3ef2cb3, org.springframework.boot.test.autoconfigure.web.client.MockRestServiceServerResetTestExecutionListener@2ea2a528, org.springframework.boot.test.autoconfigure.web.servlet.MockMvcPrintOnlyOnFailureTestExecutionListener@11c0bd3c, org.springframework.boot.test.autoconfigure.web.servlet.WebDriverTestExecutionListener@54df56c, org.springframework.boot.test.autoconfigure.webservices.client.MockWebServiceServerTestExecutionListener@7fbdcbc2, org.springframework.boot.test.mock.mockito.ResetMocksTestExecutionListener@448daaf8]

  .   ____          _            __ _ _
 /\\ / ___'_ __ _ _(_)_ __  __ _ \ \ \ \
( ( )\___ | '_ | '_| | '_ \/ _` | \ \ \ \
 \\/  ___)| |_)| | | | | || (_| |  ) ) ) )
  '  |____| .__|_| |_|_| |_\__, | / / / /
 =========|_|==============|___/=/_/_/_/
 :: Spring Boot ::                (v2.4.1)

2022-02-12 19:31:20.159  INFO 80762 --- [    Test worker] c.j.b.s.web.IndexControllerTest          : Starting IndexControllerTest using Java 11.0.13 on kimjinwook with PID 80762 (started by kimjinwook in /Users/kimjinwook/freelec-springboot2-webservice)
2022-02-12 19:31:20.159  INFO 80762 --- [    Test worker] c.j.b.s.web.IndexControllerTest          : No active profile set, falling back to default profiles: default
2022-02-12 19:31:20.326  INFO 80762 --- [    Test worker] .s.d.r.c.RepositoryConfigurationDelegate : Bootstrapping Spring Data JPA repositories in DEFAULT mode.
2022-02-12 19:31:20.351  INFO 80762 --- [    Test worker] .s.d.r.c.RepositoryConfigurationDelegate : Finished Spring Data repository scanning in 22 ms. Found 2 JPA repository interfaces.
2022-02-12 19:31:20.565  INFO 80762 --- [    Test worker] o.s.b.w.embedded.tomcat.TomcatWebServer  : Tomcat initialized with port(s): 0 (http)
2022-02-12 19:31:20.572  INFO 80762 --- [    Test worker] o.apache.catalina.core.StandardService   : Starting service [Tomcat]
2022-02-12 19:31:20.572  INFO 80762 --- [    Test worker] org.apache.catalina.core.StandardEngine  : Starting Servlet engine: [Apache Tomcat/9.0.41]
2022-02-12 19:31:20.618  INFO 80762 --- [    Test worker] o.a.c.c.C.[Tomcat].[localhost].[/]       : Initializing Spring embedded WebApplicationContext
2022-02-12 19:31:20.618  INFO 80762 --- [    Test worker] w.s.c.ServletWebServerApplicationContext : Root WebApplicationContext: initialization completed in 457 ms
2022-02-12 19:31:20.645  INFO 80762 --- [    Test worker] com.zaxxer.hikari.HikariDataSource       : HikariPool-1 - Starting...
2022-02-12 19:31:20.745  INFO 80762 --- [    Test worker] com.zaxxer.hikari.HikariDataSource       : HikariPool-1 - Start completed.
2022-02-12 19:31:20.749  INFO 80762 --- [    Test worker] o.s.b.a.h2.H2ConsoleAutoConfiguration    : H2 console available at '/h2-console'. Database available at 'jdbc:h2:mem://localhost/~/testdb'
2022-02-12 19:31:20.889  INFO 80762 --- [    Test worker] o.hibernate.jpa.internal.util.LogHelper  : HHH000204: Processing PersistenceUnitInfo [name: default]
2022-02-12 19:31:20.919  INFO 80762 --- [    Test worker] org.hibernate.Version                    : HHH000412: Hibernate ORM core version 5.4.25.Final
2022-02-12 19:31:20.949  INFO 80762 --- [    Test worker] o.hibernate.annotations.common.Version   : HCANN000001: Hibernate Commons Annotations {5.1.2.Final}
2022-02-12 19:31:21.010  INFO 80762 --- [    Test worker] org.hibernate.dialect.Dialect            : HHH000400: Using dialect: org.hibernate.dialect.MySQL57Dialect
Hibernate: drop table if exists hibernate_sequence
Hibernate: drop table if exists posts
Hibernate: drop table if exists user
Hibernate: create table hibernate_sequence (next_val bigint) engine=InnoDB
Hibernate: insert into hibernate_sequence values ( 1 )
Hibernate: create table posts (id bigint not null, created_date datetime(6), modified_date datetime(6), author varchar(255), content TEXT not null, title varchar(500) not null, primary key (id)) engine=InnoDB
Hibernate: create table user (id bigint not null, created_date datetime(6), modified_date datetime(6), email varchar(255) not null, name varchar(255) not null, picture varchar(255), role varchar(255) not null, primary key (id)) engine=InnoDB
2022-02-12 19:31:21.281  INFO 80762 --- [    Test worker] o.h.e.t.j.p.i.JtaPlatformInitiator       : HHH000490: Using JtaPlatform implementation: [org.hibernate.engine.transaction.jta.platform.internal.NoJtaPlatform]
2022-02-12 19:31:21.286  INFO 80762 --- [    Test worker] j.LocalContainerEntityManagerFactoryBean : Initialized JPA EntityManagerFactory for persistence unit 'default'
2022-02-12 19:31:21.543  WARN 80762 --- [    Test worker] JpaBaseConfiguration$JpaWebConfiguration : spring.jpa.open-in-view is enabled by default. Therefore, database queries may be performed during view rendering. Explicitly configure spring.jpa.open-in-view to disable this warning
2022-02-12 19:31:21.686  INFO 80762 --- [    Test worker] o.s.s.web.DefaultSecurityFilterChain     : Will secure any request with [org.springframework.security.web.context.request.async.WebAsyncManagerIntegrationFilter@45b334d8, org.springframework.security.web.context.SecurityContextPersistenceFilter@7d11f5be, org.springframework.security.web.header.HeaderWriterFilter@23c96946, org.springframework.security.web.authentication.logout.LogoutFilter@387f6ec9, org.springframework.security.oauth2.client.web.OAuth2AuthorizationRequestRedirectFilter@21674709, org.springframework.security.oauth2.client.web.OAuth2LoginAuthenticationFilter@5771cb9b, org.springframework.security.web.authentication.ui.DefaultLoginPageGeneratingFilter@7c4c397d, org.springframework.security.web.authentication.ui.DefaultLogoutPageGeneratingFilter@61546908, org.springframework.security.web.savedrequest.RequestCacheAwareFilter@3050d37d, org.springframework.security.web.servletapi.SecurityContextHolderAwareRequestFilter@583b0f68, org.springframework.security.web.authentication.AnonymousAuthenticationFilter@7a102524, org.springframework.security.web.session.SessionManagementFilter@249eec, org.springframework.security.web.access.ExceptionTranslationFilter@7d260544, org.springframework.security.web.access.intercept.FilterSecurityInterceptor@f486e0]
2022-02-12 19:31:21.724  INFO 80762 --- [    Test worker] o.s.s.concurrent.ThreadPoolTaskExecutor  : Initializing ExecutorService 'applicationTaskExecutor'
2022-02-12 19:31:21.739  INFO 80762 --- [    Test worker] o.s.b.a.w.s.WelcomePageHandlerMapping    : Adding welcome page template: index
2022-02-12 19:31:21.834  INFO 80762 --- [    Test worker] o.s.b.w.embedded.tomcat.TomcatWebServer  : Tomcat started on port(s): 63753 (http) with context path ''
2022-02-12 19:31:21.841  INFO 80762 --- [    Test worker] s.a.ScheduledAnnotationBeanPostProcessor : No TaskScheduler/ScheduledExecutorService bean found for scheduled processing
2022-02-12 19:31:21.844  INFO 80762 --- [    Test worker] c.j.b.s.web.IndexControllerTest          : Started IndexControllerTest in 1.706 seconds (JVM running for 3.591)
2022-02-12 19:31:21.912  INFO 80762 --- [o-auto-1-exec-1] o.a.c.c.C.[Tomcat].[localhost].[/]       : Initializing Spring DispatcherServlet 'dispatcherServlet'
2022-02-12 19:31:21.913  INFO 80762 --- [o-auto-1-exec-1] o.s.web.servlet.DispatcherServlet        : Initializing Servlet 'dispatcherServlet'
2022-02-12 19:31:21.914  INFO 80762 --- [o-auto-1-exec-1] o.s.web.servlet.DispatcherServlet        : Completed initialization in 1 ms
Hibernate: select posts0_.id as id1_0_, posts0_.created_date as created_2_0_, posts0_.modified_date as modified3_0_, posts0_.author as author4_0_, posts0_.content as content5_0_, posts0_.title as title6_0_ from posts posts0_ order by posts0_.id desc
]]></system-out>
  <system-err><![CDATA[]]></system-err>
</testsuite>
